build/app/intermediates/manifest_merge_blame_file/release/manifest-merger-blame-release-report.txt
1<?xml version="1.0" encoding="utf-8"?>
2<manifest xmlns:android="http://schemas.android.com/apk/res/android"
3    package="com.example.HealthyBodyFit"
4    android:versionCode="1"
5    android:versionName="1.0.0" >
6
7    <uses-sdk
8        android:minSdkVersion="16"
8-->src\main\AndroidManifest.xml
9        android:targetSdkVersion="28" />
9-->src\main\AndroidManifest.xml
10
11    <uses-permission android:name="android.permission.CAMERA" />
11-->[:qrscan] AndroidManifest.xml:7:5-65
11-->[:qrscan] AndroidManifest.xml:7:22-62
12    <uses-permission android:name="android.permission.VIBRATE" />
12-->[:qrscan] AndroidManifest.xml:8:5-66
12-->[:qrscan] AndroidManifest.xml:8:22-63
13    <uses-permission android:name="android.permission.FLASHLIGHT" />
13-->[:qrscan] AndroidManifest.xml:9:5-69
13-->[:qrscan] AndroidManifest.xml:9:22-66
14
15    <uses-feature android:name="android.hardware.camera" />
15-->[:qrscan] AndroidManifest.xml:11:5-60
15-->[:qrscan] AndroidManifest.xml:11:19-57
16    <uses-feature android:name="android.hardware.camera.autofocus" />
16-->[:qrscan] AndroidManifest.xml:12:5-70
16-->[:qrscan] AndroidManifest.xml:12:19-67
17
18    <uses-permission android:name="android.permission.WAKE_LOCK" />
18-->[:qrscan] AndroidManifest.xml:14:5-68
18-->[:qrscan] AndroidManifest.xml:14:22-65
19    <uses-permission android:name="android.permission.READ_EXTERNAL_STORAGE" />
19-->[:qrscan] AndroidManifest.xml:15:5-80
19-->[:qrscan] AndroidManifest.xml:15:22-77
20    <uses-permission android:name="android.permission.WRITE_EXTERNAL_STORAGE" />
20-->[:qrscan] AndroidManifest.xml:16:5-81
20-->[:qrscan] AndroidManifest.xml:16:22-78
21    <uses-permission android:name="android.permission.INTERNET" />
21-->[:qrscan] AndroidManifest.xml:17:5-67
21-->[:qrscan] AndroidManifest.xml:17:22-64
22    <!--
23 io.flutter.app.FlutterApplication is an android.app.Application that
24         calls FlutterMain.startInitialization(this); in its onCreate method.
25         In most cases you can leave this as-is, but you if you want to provide
26         additional functionality it is fine to subclass or reimplement
27         FlutterApplication and put your custom class here.
28    -->
29    <application
29-->src\main\AndroidManifest.xml:8:5-46:19
30        android:name="io.flutter.app.FlutterApplication"
30-->src\main\AndroidManifest.xml:9:9-57
31        android:allowBackup="true"
31-->[:qrscan] AndroidManifest.xml:20:9-35
32        android:appComponentFactory="androidx.core.app.CoreComponentFactory"
32-->[androidx.core:core:1.1.0] AndroidManifest.xml:24:18-86
33        android:configChanges="orientation|keyboardHidden"
33-->[:qrscan] AndroidManifest.xml:21:9-59
34        android:icon="@mipmap/ic_launcher"
34-->src\main\AndroidManifest.xml:11:9-43
35        android:label="HealthyBodyFit"
35-->src\main\AndroidManifest.xml:10:9-39
36        android:screenOrientation="portrait"
36-->[:qrscan] AndroidManifest.xml:23:9-45
37        android:supportsRtl="true"
37-->[:qrscan] AndroidManifest.xml:24:9-35
38        android:theme="@style/Theme.AppCompat.NoActionBar"
38-->[:qrscan] AndroidManifest.xml:25:9-59
39        android:windowSoftInputMode="stateAlwaysHidden" >
39-->[:qrscan] AndroidManifest.xml:26:9-56
40        <activity
40-->src\main\AndroidManifest.xml:12:9-40:20
41            android:name="com.example.HealthyBodyFit.MainActivity"
41-->src\main\AndroidManifest.xml:13:13-41
42            android:configChanges="orientation|keyboardHidden|keyboard|screenSize|smallestScreenSize|locale|layoutDirection|fontScale|screenLayout|density|uiMode"
42-->src\main\AndroidManifest.xml:16:13-163
43            android:hardwareAccelerated="true"
43-->src\main\AndroidManifest.xml:17:13-47
44            android:launchMode="singleTop"
44-->src\main\AndroidManifest.xml:14:13-43
45            android:theme="@style/LaunchTheme"
45-->src\main\AndroidManifest.xml:15:13-47
46            android:windowSoftInputMode="adjustResize" >
46-->src\main\AndroidManifest.xml:18:13-55
47
48            <!--
49                 Specifies an Android theme to apply to this Activity as soon as
50                 the Android process has started. This theme is visible to the user
51                 while the Flutter UI initializes. After that, this theme continues
52                 to determine the Window background behind the Flutter UI.
53            -->
54            <meta-data
54-->src\main\AndroidManifest.xml:23:13-26:17
55                android:name="io.flutter.embedding.android.NormalTheme"
55-->src\main\AndroidManifest.xml:24:15-70
56                android:resource="@style/NormalTheme" />
56-->src\main\AndroidManifest.xml:25:15-52
57            <!--
58                 Displays an Android View that continues showing the launch screen
59                 Drawable until Flutter paints its first frame, then this splash
60                 screen fades out. A splash screen is useful to avoid any visual
61                 gap between the end of Android's launch screen and the painting of
62                 Flutter's first frame.
63            -->
64            <meta-data
64-->src\main\AndroidManifest.xml:32:13-35:17
65                android:name="io.flutter.embedding.android.SplashScreenDrawable"
65-->src\main\AndroidManifest.xml:33:15-79
66                android:resource="@drawable/launch_background" />
66-->src\main\AndroidManifest.xml:34:15-61
67
68            <intent-filter>
68-->src\main\AndroidManifest.xml:36:13-39:29
69                <action android:name="android.intent.action.MAIN" />
69-->src\main\AndroidManifest.xml:37:17-68
69-->src\main\AndroidManifest.xml:37:25-66
70
71                <category android:name="android.intent.category.LAUNCHER" />
71-->src\main\AndroidManifest.xml:38:17-76
71-->src\main\AndroidManifest.xml:38:27-74
72            </intent-filter>
73        </activity>
74        <!--
75             Don't delete the meta-data below.
76             This is used by the Flutter tool to generate GeneratedPluginRegistrant.java
77        -->
78        <meta-data
78-->src\main\AndroidManifest.xml:43:9-45:33
79            android:name="flutterEmbedding"
79-->src\main\AndroidManifest.xml:44:13-44
80            android:value="2" />
80-->src\main\AndroidManifest.xml:45:13-30
81
82        <activity android:name="com.shinow.qrscan.SecondActivity" />
82-->[:qrscan] AndroidManifest.xml:27:9-69
82-->[:qrscan] AndroidManifest.xml:27:19-66
83
84        <provider
84-->[com.squareup.picasso:picasso:2.71828] AndroidManifest.xml:8:9-11:40
85            android:name="com.squareup.picasso.PicassoProvider"
85-->[com.squareup.picasso:picasso:2.71828] AndroidManifest.xml:9:13-64
86            android:authorities="com.example.HealthyBodyFit.com.squareup.picasso"
86-->[com.squareup.picasso:picasso:2.71828] AndroidManifest.xml:10:13-72
87            android:exported="false" />
87-->[com.squareup.picasso:picasso:2.71828] AndroidManifest.xml:11:13-37
88
89        <activity
89-->[com.github.leyan95:android-zxingLibrary:0.1.2-PRE] AndroidManifest.xml:14:9-19:63
90            android:name="com.uuzuche.lib_zxing.activity.CaptureActivity"
90-->[com.github.leyan95:android-zxingLibrary:0.1.2-PRE] AndroidManifest.xml:15:13-74
91            android:configChanges="orientation|keyboardHidden"
91-->[com.github.leyan95:android-zxingLibrary:0.1.2-PRE] AndroidManifest.xml:16:13-63
92            android:screenOrientation="portrait"
92-->[com.github.leyan95:android-zxingLibrary:0.1.2-PRE] AndroidManifest.xml:17:13-49
93            android:theme="@style/Theme.AppCompat.NoActionBar"
93-->[com.github.leyan95:android-zxingLibrary:0.1.2-PRE] AndroidManifest.xml:18:13-63
94            android:windowSoftInputMode="stateAlwaysHidden" />
94-->[com.github.leyan95:android-zxingLibrary:0.1.2-PRE] AndroidManifest.xml:19:13-60
95    </application>
96
97</manifest>